c:\users\sasha\desktop\новая папка\os-lab4\build\os-lab4.dir\debug\vc143.pdb
c:\users\sasha\desktop\новая папка\os-lab4\build\os-lab4.dir\debug\main.obj
c:\users\sasha\desktop\новая папка (2)\os-lab4\build\os-lab4.dir\debug\vc143.pdb
c:\users\sasha\desktop\новая папка (2)\os-lab4\build\os-lab4.dir\debug\main.obj
c:\users\sasha\desktop\новая папка (2)\os-lab4\build\cmakefiles\generate.stamp
c:\users\sasha\desktop\новая папка\os-lab4\build\debug\os-lab4.exe
c:\users\sasha\desktop\новая папка\os-lab4\build\os-lab4.dir\debug\os-lab4.ilk
c:\users\sasha\desktop\новая папка\os-lab4\build\debug\os-lab4.pdb
c:\users\sasha\desktop\новая папка (2)\os-lab4\build\debug\os-lab4.exe
c:\users\sasha\desktop\новая папка (2)\os-lab4\build\os-lab4.dir\debug\os-lab4.ilk
c:\users\sasha\desktop\новая папка (2)\os-lab4\build\debug\os-lab4.pdb
c:\users\sasha\desktop\новая папка (2)\os-lab4\build\os-lab4.dir\debug\os-lab4.tlog\cl.command.1.tlog
c:\users\sasha\desktop\новая папка (2)\os-lab4\build\os-lab4.dir\debug\os-lab4.tlog\cl.read.1.tlog
c:\users\sasha\desktop\новая папка (2)\os-lab4\build\os-lab4.dir\debug\os-lab4.tlog\cl.write.1.tlog
c:\users\sasha\desktop\новая папка (2)\os-lab4\build\os-lab4.dir\debug\os-lab4.tlog\custombuild.command.1.tlog
c:\users\sasha\desktop\новая папка (2)\os-lab4\build\os-lab4.dir\debug\os-lab4.tlog\custombuild.read.1.tlog
c:\users\sasha\desktop\новая папка (2)\os-lab4\build\os-lab4.dir\debug\os-lab4.tlog\custombuild.write.1.tlog
c:\users\sasha\desktop\новая папка (2)\os-lab4\build\os-lab4.dir\debug\os-lab4.tlog\link.command.1.tlog
c:\users\sasha\desktop\новая папка (2)\os-lab4\build\os-lab4.dir\debug\os-lab4.tlog\link.read.1.tlog
c:\users\sasha\desktop\новая папка (2)\os-lab4\build\os-lab4.dir\debug\os-lab4.tlog\link.write.1.tlog
